C:\Users\yuvra\AppData\Roaming\Python\Python312\site-packages\requests\__init__.py:113: RequestsDependencyWarning: urllib3 (2.3.0) or chardet (7.2.0)/charset_normalizer (3.4.1) doesn't match a supported version!
  warnings.warn(
GNN loaded on cuda  (in_channels=10)
Loaded 626 real CPs for novelty reference
Line-GNN filter loaded (threshold=0.50, weight=1.0)
Gradient geometry repair enabled (Kawasaki + symmetry)
Z3 Maekawa repair enabled
Even-degree topology repair enabled
Direct Kawasaki projection repair enabled
Retry config: out_dir=C:\Users\yuvra\OneDrive\Desktop\spring 2026\GTNS\graph_theory\runs\kaw_v4_60gen population_size=30 generations=60 elite_keep=6 mutations_per=5

Starting GA — pop=30, gen=60
Seeding from random planar graphs (genuine exploration mode)
Seeded 30 random planar graphs
Initial gradient repairs accepted: 23/30
Initial topology repairs: {'repaired': 19, 'partial': 11} avg_removed=4.57 avg_added=0.00
Initial Z3 repairs: {'sat': 19, 'topology_unsat': 11} avg_changed=2.80
Initial Kawasaki projections accepted: 30/30 avg_kaw=2.085->1.897
Gen 001 | fit=-0.6673 GNN=0.022 Kaw=1.061[w=0.36] Mae=0.000 Sym=0.000 Nov=0.091 Comp=1.00 Line=0.017 Lpen=0.483 Z3pen=0.0 Z3=sat Topo=repaired KProj=accepted | Mean=-903.4295
  Gradient repairs accepted this gen: 18/24
  Topology repairs this gen: {'repaired': 8, 'skipped': 9, 'partial': 7} avg_removed=0.42 avg_added=0.00
  Z3 repairs this gen: {'sat': 17, 'topology_unsat': 7} avg_changed=1.71
  Kawasaki projections this gen: 22/24 avg_kaw=1.504->1.445
Gen 005 | fit=-0.0386 GNN=0.026 Kaw=0.130[w=0.39] Mae=0.000 Sym=0.500 Nov=0.132 Comp=1.00 Line=0.943 Lpen=0.000 Z3pen=0.0 Z3=sat Topo=skipped KProj=accepted | Mean=-0.2121
  Gradient repairs accepted this gen: 11/24
  Topology repairs this gen: {'repaired': 11, 'skipped': 12, 'partial': 1} avg_removed=0.58 avg_added=0.00
  Z3 repairs this gen: {'sat': 23, 'topology_unsat': 1} avg_changed=1.67
  Kawasaki projections this gen: 22/24 avg_kaw=0.261->0.247
Gen 010 | fit=0.0554 GNN=0.145 Kaw=0.058[w=0.42] Mae=0.000 Sym=0.667 Nov=0.105 Comp=1.00 Line=0.950 Lpen=0.000 Z3pen=0.0 Z3=sat Topo=repaired KProj=accepted | Mean=-0.1176
  Gradient repairs accepted this gen: 9/24
  Topology repairs this gen: {'repaired': 14, 'skipped': 9, 'partial': 1} avg_removed=0.71 avg_added=0.00
  Z3 repairs this gen: {'sat': 23, 'topology_unsat': 1} avg_changed=1.83
  Kawasaki projections this gen: 22/24 avg_kaw=0.234->0.210
Gen 015 | fit=0.1596 GNN=0.132 Kaw=0.045[w=0.46] Mae=0.000 Sym=0.333 Nov=0.116 Comp=1.00 Line=0.946 Lpen=0.000 Z3pen=0.0 Z3=sat Topo=skipped KProj=accepted | Mean=-33.6059
  Gradient repairs accepted this gen: 13/24
  Topology repairs this gen: {'repaired': 16, 'skipped': 8} avg_removed=0.79 avg_added=0.00
  Z3 repairs this gen: {'sat': 24} avg_changed=1.67
  Kawasaki projections this gen: 22/24 avg_kaw=0.184->0.165
Gen 020 | fit=0.4488 GNN=0.593 Kaw=0.131[w=0.50] Mae=0.000 Sym=0.667 Nov=0.152 Comp=1.00 Line=0.954 Lpen=0.000 Z3pen=0.0 Z3=sat Topo=repaired KProj=not improved | Mean=0.1575
  [Gen 20] Injected 3 repaired random seeds
  Gradient repairs accepted this gen: 13/27
  Topology repairs this gen: {'repaired': 16, 'skipped': 10, 'partial': 1} avg_removed=0.78 avg_added=0.00
  Z3 repairs this gen: {'sat': 26, 'topology_unsat': 1} avg_changed=1.89
  Kawasaki projections this gen: 26/27 avg_kaw=0.403->0.352
Gen 025 | fit=0.8497 GNN=0.879 Kaw=0.025[w=0.54] Mae=0.000 Sym=0.500 Nov=0.137 Comp=1.00 Line=0.694 Lpen=0.000 Z3pen=0.0 Z3=sat Topo=skipped KProj=accepted | Mean=-33.1954
  Gradient repairs accepted this gen: 10/24
  Topology repairs this gen: {'skipped': 13, 'partial': 2, 'repaired': 9} avg_removed=0.50 avg_added=0.00
  Z3 repairs this gen: {'sat': 22, 'topology_unsat': 2} avg_changed=1.58
  Kawasaki projections this gen: 23/24 avg_kaw=0.208->0.195
Gen 030 | fit=0.9260 GNN=0.931 Kaw=0.031[w=0.57] Mae=0.000 Sym=0.417 Nov=0.137 Comp=1.00 Line=0.940 Lpen=0.000 Z3pen=0.0 Z3=sat Topo=repaired KProj=accepted | Mean=-66.3589
  Gradient repairs accepted this gen: 3/24
  Topology repairs this gen: {'repaired': 10, 'skipped': 13, 'partial': 1} avg_removed=0.46 avg_added=0.00
  Z3 repairs this gen: {'sat': 23, 'topology_unsat': 1} avg_changed=1.75
  Kawasaki projections this gen: 18/24 avg_kaw=0.206->0.189
Gen 035 | fit=0.9792 GNN=0.923 Kaw=0.022[w=0.61] Mae=0.000 Sym=0.250 Nov=0.141 Comp=1.00 Line=0.943 Lpen=0.000 Z3pen=0.0 Z3=sat Topo=skipped KProj=accepted | Mean=-33.0656
  Gradient repairs accepted this gen: 7/24
  Topology repairs this gen: {'repaired': 15, 'skipped': 9} avg_removed=0.71 avg_added=0.00
  Z3 repairs this gen: {'sat': 24} avg_changed=1.75
  Kawasaki projections this gen: 18/24 avg_kaw=0.168->0.147
Gen 040 | fit=1.0011 GNN=0.923 Kaw=0.021[w=0.65] Mae=0.000 Sym=0.250 Nov=0.069 Comp=1.00 Line=0.944 Lpen=0.000 Z3pen=0.0 Z3=sat Topo=skipped KProj=accepted | Mean=0.7377
  [Gen 40] Injected 3 repaired random seeds
  Gradient repairs accepted this gen: 10/27
  Topology repairs this gen: {'skipped': 8, 'repaired': 16, 'partial': 3} avg_removed=1.19 avg_added=0.00
  Z3 repairs this gen: {'sat': 24, 'topology_unsat': 3} avg_changed=1.59
  Kawasaki projections this gen: 20/27 avg_kaw=0.505->0.487
Gen 045 | fit=1.0179 GNN=0.937 Kaw=0.015[w=0.69] Mae=0.000 Sym=0.250 Nov=0.073 Comp=1.00 Line=0.945 Lpen=0.000 Z3pen=0.0 Z3=sat Topo=skipped KProj=accepted | Mean=-133.1900
  Gradient repairs accepted this gen: 6/24
  Topology repairs this gen: {'skipped': 6, 'repaired': 17, 'partial': 1} avg_removed=0.88 avg_added=0.00
  Z3 repairs this gen: {'sat': 23, 'topology_unsat': 1} avg_changed=1.83
  Kawasaki projections this gen: 19/24 avg_kaw=0.289->0.269
Gen 050 | fit=1.0022 GNN=0.937 Kaw=0.015[w=0.72] Mae=0.000 Sym=0.250 Nov=0.123 Comp=1.00 Line=0.945 Lpen=0.000 Z3pen=0.0 Z3=sat Topo=skipped KProj=accepted | Mean=-133.1990
  Gradient repairs accepted this gen: 7/24
  Topology repairs this gen: {'skipped': 9, 'repaired': 13, 'partial': 2} avg_removed=0.58 avg_added=0.00
  Z3 repairs this gen: {'sat': 22, 'topology_unsat': 2} avg_changed=2.04
  Kawasaki projections this gen: 17/24 avg_kaw=0.295->0.271
Gen 055 | fit=1.0169 GNN=0.939 Kaw=0.008[w=0.76] Mae=0.000 Sym=0.250 Nov=0.093 Comp=1.00 Line=0.946 Lpen=0.000 Z3pen=0.0 Z3=sat Topo=repaired KProj=accepted | Mean=-233.3165
  Gradient repairs accepted this gen: 4/24
  Topology repairs this gen: {'skipped': 8, 'repaired': 16} avg_removed=0.75 avg_added=0.00
  Z3 repairs this gen: {'sat': 24} avg_changed=1.88
  Kawasaki projections this gen: 20/24 avg_kaw=0.246->0.224
Gen 060 | fit=1.0096 GNN=0.939 Kaw=0.008[w=0.80] Mae=0.000 Sym=0.250 Nov=0.116 Comp=1.00 Line=0.946 Lpen=0.000 Z3pen=0.0 Z3=sat Topo=repaired KProj=accepted | Mean=-233.3524
  [Gen 60] Injected 3 repaired random seeds
  Gradient repairs accepted this gen: 8/27
  Topology repairs this gen: {'repaired': 14, 'skipped': 11, 'partial': 2} avg_removed=1.04 avg_added=0.00
  Z3 repairs this gen: {'sat': 25, 'topology_unsat': 2} avg_changed=1.59
  Kawasaki projections this gen: 17/27 avg_kaw=0.303->0.270

GA complete — best fitness: 1.0188
Saved line_kawasaki_z3_best_generated.pkl + line_kawasaki_z3_diverse_top6.pkl
